CRITICAL - 2023-05-26 09:15:35 --> Undefined variable $users
in APPPATH\Views\AsistenView.php on line 21.
 1 APPPATH\Views\AsistenView.php(21): CodeIgniter\Debug\Exceptions->errorHandler(2, 'Undefined variable $users', 'D:\\ci-pro\\app\\Views\\AsistenView.php', 21)
 2 SYSTEMPATH\View\View.php(213): include('D:\\ci-pro\\app\\Views\\AsistenView.php')
 3 SYSTEMPATH\View\View.php(216): CodeIgniter\View\View->CodeIgniter\View\{closure}()
 4 SYSTEMPATH\Common.php(1184): CodeIgniter\View\View->render('AsistenView', [], true)
 5 APPPATH\Controllers\AsistenController.php(17): view('AsistenView', [...])
 6 SYSTEMPATH\CodeIgniter.php(934): App\Controllers\AsistenController->index()
 7 SYSTEMPATH\CodeIgniter.php(499): CodeIgniter\CodeIgniter->runController(Object(App\Controllers\AsistenController))
 8 SYSTEMPATH\CodeIgniter.php(368): CodeIgniter\CodeIgniter->handleRequest(null, Object(Config\Cache), false)
 9 FCPATH\index.php(67): CodeIgniter\CodeIgniter->run()
10 SYSTEMPATH\Commands\Server\rewrite.php(47): require_once('D:\\ci-pro\\public\\index.php')
CRITICAL - 2023-05-26 09:26:05 --> Undefined variable $users
in APPPATH\Views\AsistenView.php on line 21.
 1 APPPATH\Views\AsistenView.php(21): CodeIgniter\Debug\Exceptions->errorHandler(2, 'Undefined variable $users', 'D:\\ci-pro\\app\\Views\\AsistenView.php', 21)
 2 SYSTEMPATH\View\View.php(213): include('D:\\ci-pro\\app\\Views\\AsistenView.php')
 3 SYSTEMPATH\View\View.php(216): CodeIgniter\View\View->CodeIgniter\View\{closure}()
 4 SYSTEMPATH\Common.php(1184): CodeIgniter\View\View->render('AsistenView', [], true)
 5 APPPATH\Controllers\AsistenController.php(20): view('AsistenView', [...])
 6 SYSTEMPATH\CodeIgniter.php(934): App\Controllers\AsistenController->index()
 7 SYSTEMPATH\CodeIgniter.php(499): CodeIgniter\CodeIgniter->runController(Object(App\Controllers\AsistenController))
 8 SYSTEMPATH\CodeIgniter.php(368): CodeIgniter\CodeIgniter->handleRequest(null, Object(Config\Cache), false)
 9 FCPATH\index.php(67): CodeIgniter\CodeIgniter->run()
10 SYSTEMPATH\Commands\Server\rewrite.php(47): require_once('D:\\ci-pro\\public\\index.php')
CRITICAL - 2023-05-26 09:26:07 --> Undefined variable $users
in APPPATH\Views\AsistenView.php on line 21.
 1 APPPATH\Views\AsistenView.php(21): CodeIgniter\Debug\Exceptions->errorHandler(2, 'Undefined variable $users', 'D:\\ci-pro\\app\\Views\\AsistenView.php', 21)
 2 SYSTEMPATH\View\View.php(213): include('D:\\ci-pro\\app\\Views\\AsistenView.php')
 3 SYSTEMPATH\View\View.php(216): CodeIgniter\View\View->CodeIgniter\View\{closure}()
 4 SYSTEMPATH\Common.php(1184): CodeIgniter\View\View->render('AsistenView', [], true)
 5 APPPATH\Controllers\AsistenController.php(20): view('AsistenView', [...])
 6 SYSTEMPATH\CodeIgniter.php(934): App\Controllers\AsistenController->index()
 7 SYSTEMPATH\CodeIgniter.php(499): CodeIgniter\CodeIgniter->runController(Object(App\Controllers\AsistenController))
 8 SYSTEMPATH\CodeIgniter.php(368): CodeIgniter\CodeIgniter->handleRequest(null, Object(Config\Cache), false)
 9 FCPATH\index.php(67): CodeIgniter\CodeIgniter->run()
10 SYSTEMPATH\Commands\Server\rewrite.php(47): require_once('D:\\ci-pro\\public\\index.php')
CRITICAL - 2023-05-26 09:28:11 --> Undefined variable $asisten
in APPPATH\Views\AsistenView.php on line 21.
 1 APPPATH\Views\AsistenView.php(21): CodeIgniter\Debug\Exceptions->errorHandler(2, 'Undefined variable $asisten', 'D:\\ci-pro\\app\\Views\\AsistenView.php', 21)
 2 SYSTEMPATH\View\View.php(213): include('D:\\ci-pro\\app\\Views\\AsistenView.php')
 3 SYSTEMPATH\View\View.php(216): CodeIgniter\View\View->CodeIgniter\View\{closure}()
 4 SYSTEMPATH\Common.php(1184): CodeIgniter\View\View->render('AsistenView', [], true)
 5 APPPATH\Controllers\AsistenController.php(20): view('AsistenView', [...])
 6 SYSTEMPATH\CodeIgniter.php(934): App\Controllers\AsistenController->index()
 7 SYSTEMPATH\CodeIgniter.php(499): CodeIgniter\CodeIgniter->runController(Object(App\Controllers\AsistenController))
 8 SYSTEMPATH\CodeIgniter.php(368): CodeIgniter\CodeIgniter->handleRequest(null, Object(Config\Cache), false)
 9 FCPATH\index.php(67): CodeIgniter\CodeIgniter->run()
10 SYSTEMPATH\Commands\Server\rewrite.php(47): require_once('D:\\ci-pro\\public\\index.php')
CRITICAL - 2023-05-26 09:28:12 --> Undefined variable $asisten
in APPPATH\Views\AsistenView.php on line 21.
 1 APPPATH\Views\AsistenView.php(21): CodeIgniter\Debug\Exceptions->errorHandler(2, 'Undefined variable $asisten', 'D:\\ci-pro\\app\\Views\\AsistenView.php', 21)
 2 SYSTEMPATH\View\View.php(213): include('D:\\ci-pro\\app\\Views\\AsistenView.php')
 3 SYSTEMPATH\View\View.php(216): CodeIgniter\View\View->CodeIgniter\View\{closure}()
 4 SYSTEMPATH\Common.php(1184): CodeIgniter\View\View->render('AsistenView', [], true)
 5 APPPATH\Controllers\AsistenController.php(20): view('AsistenView', [...])
 6 SYSTEMPATH\CodeIgniter.php(934): App\Controllers\AsistenController->index()
 7 SYSTEMPATH\CodeIgniter.php(499): CodeIgniter\CodeIgniter->runController(Object(App\Controllers\AsistenController))
 8 SYSTEMPATH\CodeIgniter.php(368): CodeIgniter\CodeIgniter->handleRequest(null, Object(Config\Cache), false)
 9 FCPATH\index.php(67): CodeIgniter\CodeIgniter->run()
10 SYSTEMPATH\Commands\Server\rewrite.php(47): require_once('D:\\ci-pro\\public\\index.php')
CRITICAL - 2023-05-26 09:28:15 --> Undefined variable $asisten
in APPPATH\Views\AsistenView.php on line 21.
 1 APPPATH\Views\AsistenView.php(21): CodeIgniter\Debug\Exceptions->errorHandler(2, 'Undefined variable $asisten', 'D:\\ci-pro\\app\\Views\\AsistenView.php', 21)
 2 SYSTEMPATH\View\View.php(213): include('D:\\ci-pro\\app\\Views\\AsistenView.php')
 3 SYSTEMPATH\View\View.php(216): CodeIgniter\View\View->CodeIgniter\View\{closure}()
 4 SYSTEMPATH\Common.php(1184): CodeIgniter\View\View->render('AsistenView', [], true)
 5 APPPATH\Controllers\AsistenController.php(20): view('AsistenView', [...])
 6 SYSTEMPATH\CodeIgniter.php(934): App\Controllers\AsistenController->index()
 7 SYSTEMPATH\CodeIgniter.php(499): CodeIgniter\CodeIgniter->runController(Object(App\Controllers\AsistenController))
 8 SYSTEMPATH\CodeIgniter.php(368): CodeIgniter\CodeIgniter->handleRequest(null, Object(Config\Cache), false)
 9 FCPATH\index.php(67): CodeIgniter\CodeIgniter->run()
10 SYSTEMPATH\Commands\Server\rewrite.php(47): require_once('D:\\ci-pro\\public\\index.php')
CRITICAL - 2023-05-26 09:28:17 --> Undefined variable $asisten
in APPPATH\Views\AsistenView.php on line 21.
 1 APPPATH\Views\AsistenView.php(21): CodeIgniter\Debug\Exceptions->errorHandler(2, 'Undefined variable $asisten', 'D:\\ci-pro\\app\\Views\\AsistenView.php', 21)
 2 SYSTEMPATH\View\View.php(213): include('D:\\ci-pro\\app\\Views\\AsistenView.php')
 3 SYSTEMPATH\View\View.php(216): CodeIgniter\View\View->CodeIgniter\View\{closure}()
 4 SYSTEMPATH\Common.php(1184): CodeIgniter\View\View->render('AsistenView', [], true)
 5 APPPATH\Controllers\AsistenController.php(20): view('AsistenView', [...])
 6 SYSTEMPATH\CodeIgniter.php(934): App\Controllers\AsistenController->index()
 7 SYSTEMPATH\CodeIgniter.php(499): CodeIgniter\CodeIgniter->runController(Object(App\Controllers\AsistenController))
 8 SYSTEMPATH\CodeIgniter.php(368): CodeIgniter\CodeIgniter->handleRequest(null, Object(Config\Cache), false)
 9 FCPATH\index.php(67): CodeIgniter\CodeIgniter->run()
10 SYSTEMPATH\Commands\Server\rewrite.php(47): require_once('D:\\ci-pro\\public\\index.php')
CRITICAL - 2023-05-26 09:28:51 --> Undefined variable $asisten
in APPPATH\Views\AsistenView.php on line 21.
 1 APPPATH\Views\AsistenView.php(21): CodeIgniter\Debug\Exceptions->errorHandler(2, 'Undefined variable $asisten', 'D:\\ci-pro\\app\\Views\\AsistenView.php', 21)
 2 SYSTEMPATH\View\View.php(213): include('D:\\ci-pro\\app\\Views\\AsistenView.php')
 3 SYSTEMPATH\View\View.php(216): CodeIgniter\View\View->CodeIgniter\View\{closure}()
 4 SYSTEMPATH\Common.php(1184): CodeIgniter\View\View->render('AsistenView', [], true)
 5 APPPATH\Controllers\AsistenController.php(20): view('AsistenView', [...])
 6 SYSTEMPATH\CodeIgniter.php(934): App\Controllers\AsistenController->index()
 7 SYSTEMPATH\CodeIgniter.php(499): CodeIgniter\CodeIgniter->runController(Object(App\Controllers\AsistenController))
 8 SYSTEMPATH\CodeIgniter.php(368): CodeIgniter\CodeIgniter->handleRequest(null, Object(Config\Cache), false)
 9 FCPATH\index.php(67): CodeIgniter\CodeIgniter->run()
10 SYSTEMPATH\Commands\Server\rewrite.php(47): require_once('D:\\ci-pro\\public\\index.php')
CRITICAL - 2023-05-26 09:31:00 --> Undefined variable $asisten
in APPPATH\Views\AsistenView.php on line 21.
 1 APPPATH\Views\AsistenView.php(21): CodeIgniter\Debug\Exceptions->errorHandler(2, 'Undefined variable $asisten', 'D:\\ci-pro\\app\\Views\\AsistenView.php', 21)
 2 SYSTEMPATH\View\View.php(213): include('D:\\ci-pro\\app\\Views\\AsistenView.php')
 3 SYSTEMPATH\View\View.php(216): CodeIgniter\View\View->CodeIgniter\View\{closure}()
 4 SYSTEMPATH\Common.php(1184): CodeIgniter\View\View->render('AsistenView', [], true)
 5 APPPATH\Controllers\AsistenController.php(20): view('AsistenView', [...])
 6 SYSTEMPATH\CodeIgniter.php(934): App\Controllers\AsistenController->index()
 7 SYSTEMPATH\CodeIgniter.php(499): CodeIgniter\CodeIgniter->runController(Object(App\Controllers\AsistenController))
 8 SYSTEMPATH\CodeIgniter.php(368): CodeIgniter\CodeIgniter->handleRequest(null, Object(Config\Cache), false)
 9 FCPATH\index.php(67): CodeIgniter\CodeIgniter->run()
10 SYSTEMPATH\Commands\Server\rewrite.php(47): require_once('D:\\ci-pro\\public\\index.php')
CRITICAL - 2023-05-26 09:31:25 --> Undefined variable $asisten
in APPPATH\Views\AsistenView.php on line 21.
 1 APPPATH\Views\AsistenView.php(21): CodeIgniter\Debug\Exceptions->errorHandler(2, 'Undefined variable $asisten', 'D:\\ci-pro\\app\\Views\\AsistenView.php', 21)
 2 SYSTEMPATH\View\View.php(213): include('D:\\ci-pro\\app\\Views\\AsistenView.php')
 3 SYSTEMPATH\View\View.php(216): CodeIgniter\View\View->CodeIgniter\View\{closure}()
 4 SYSTEMPATH\Common.php(1184): CodeIgniter\View\View->render('AsistenView', [], true)
 5 APPPATH\Controllers\AsistenController.php(20): view('AsistenView', [...])
 6 SYSTEMPATH\CodeIgniter.php(934): App\Controllers\AsistenController->index()
 7 SYSTEMPATH\CodeIgniter.php(499): CodeIgniter\CodeIgniter->runController(Object(App\Controllers\AsistenController))
 8 SYSTEMPATH\CodeIgniter.php(368): CodeIgniter\CodeIgniter->handleRequest(null, Object(Config\Cache), false)
 9 FCPATH\index.php(67): CodeIgniter\CodeIgniter->run()
10 SYSTEMPATH\Commands\Server\rewrite.php(47): require_once('D:\\ci-pro\\public\\index.php')
CRITICAL - 2023-05-26 09:32:23 --> Undefined variable $asisten
in APPPATH\Views\AsistenView.php on line 21.
 1 APPPATH\Views\AsistenView.php(21): CodeIgniter\Debug\Exceptions->errorHandler(2, 'Undefined variable $asisten', 'D:\\ci-pro\\app\\Views\\AsistenView.php', 21)
 2 SYSTEMPATH\View\View.php(213): include('D:\\ci-pro\\app\\Views\\AsistenView.php')
 3 SYSTEMPATH\View\View.php(216): CodeIgniter\View\View->CodeIgniter\View\{closure}()
 4 SYSTEMPATH\Common.php(1184): CodeIgniter\View\View->render('AsistenView', [], true)
 5 APPPATH\Controllers\AsistenController.php(20): view('AsistenView', [...])
 6 SYSTEMPATH\CodeIgniter.php(934): App\Controllers\AsistenController->index()
 7 SYSTEMPATH\CodeIgniter.php(499): CodeIgniter\CodeIgniter->runController(Object(App\Controllers\AsistenController))
 8 SYSTEMPATH\CodeIgniter.php(368): CodeIgniter\CodeIgniter->handleRequest(null, Object(Config\Cache), false)
 9 FCPATH\index.php(67): CodeIgniter\CodeIgniter->run()
10 SYSTEMPATH\Commands\Server\rewrite.php(47): require_once('D:\\ci-pro\\public\\index.php')
CRITICAL - 2023-05-26 09:33:50 --> Undefined variable $AsistenModel
in APPPATH\Views\AsistenView.php on line 21.
 1 APPPATH\Views\AsistenView.php(21): CodeIgniter\Debug\Exceptions->errorHandler(2, 'Undefined variable $AsistenModel', 'D:\\ci-pro\\app\\Views\\AsistenView.php', 21)
 2 SYSTEMPATH\View\View.php(213): include('D:\\ci-pro\\app\\Views\\AsistenView.php')
 3 SYSTEMPATH\View\View.php(216): CodeIgniter\View\View->CodeIgniter\View\{closure}()
 4 SYSTEMPATH\Common.php(1184): CodeIgniter\View\View->render('AsistenView', [], true)
 5 APPPATH\Controllers\AsistenController.php(20): view('AsistenView', [...])
 6 SYSTEMPATH\CodeIgniter.php(934): App\Controllers\AsistenController->index()
 7 SYSTEMPATH\CodeIgniter.php(499): CodeIgniter\CodeIgniter->runController(Object(App\Controllers\AsistenController))
 8 SYSTEMPATH\CodeIgniter.php(368): CodeIgniter\CodeIgniter->handleRequest(null, Object(Config\Cache), false)
 9 FCPATH\index.php(67): CodeIgniter\CodeIgniter->run()
10 SYSTEMPATH\Commands\Server\rewrite.php(47): require_once('D:\\ci-pro\\public\\index.php')
CRITICAL - 2023-05-26 09:33:53 --> Undefined variable $AsistenModel
in APPPATH\Views\AsistenView.php on line 21.
 1 APPPATH\Views\AsistenView.php(21): CodeIgniter\Debug\Exceptions->errorHandler(2, 'Undefined variable $AsistenModel', 'D:\\ci-pro\\app\\Views\\AsistenView.php', 21)
 2 SYSTEMPATH\View\View.php(213): include('D:\\ci-pro\\app\\Views\\AsistenView.php')
 3 SYSTEMPATH\View\View.php(216): CodeIgniter\View\View->CodeIgniter\View\{closure}()
 4 SYSTEMPATH\Common.php(1184): CodeIgniter\View\View->render('AsistenView', [], true)
 5 APPPATH\Controllers\AsistenController.php(20): view('AsistenView', [...])
 6 SYSTEMPATH\CodeIgniter.php(934): App\Controllers\AsistenController->index()
 7 SYSTEMPATH\CodeIgniter.php(499): CodeIgniter\CodeIgniter->runController(Object(App\Controllers\AsistenController))
 8 SYSTEMPATH\CodeIgniter.php(368): CodeIgniter\CodeIgniter->handleRequest(null, Object(Config\Cache), false)
 9 FCPATH\index.php(67): CodeIgniter\CodeIgniter->run()
10 SYSTEMPATH\Commands\Server\rewrite.php(47): require_once('D:\\ci-pro\\public\\index.php')
CRITICAL - 2023-05-26 09:34:34 --> Undefined property: App\Controllers\AsistenController::$model
in APPPATH\Controllers\AsistenController.php on line 14.
 1 APPPATH\Controllers\AsistenController.php(14): CodeIgniter\Debug\Exceptions->errorHandler(2, 'Undefined property: App\\Controllers\\AsistenController::$model', 'D:\\ci-pro\\app\\Controllers\\AsistenController.php', 14)
 2 SYSTEMPATH\CodeIgniter.php(934): App\Controllers\AsistenController->index()
 3 SYSTEMPATH\CodeIgniter.php(499): CodeIgniter\CodeIgniter->runController(Object(App\Controllers\AsistenController))
 4 SYSTEMPATH\CodeIgniter.php(368): CodeIgniter\CodeIgniter->handleRequest(null, Object(Config\Cache), false)
 5 FCPATH\index.php(67): CodeIgniter\CodeIgniter->run()
 6 SYSTEMPATH\Commands\Server\rewrite.php(47): require_once('D:\\ci-pro\\public\\index.php')
CRITICAL - 2023-05-26 09:35:22 --> Class "App\Controllers\asisten" not found
in APPPATH\Controllers\AsistenController.php on line 14.
 1 SYSTEMPATH\CodeIgniter.php(906): App\Controllers\AsistenController->__construct()
 2 SYSTEMPATH\CodeIgniter.php(490): CodeIgniter\CodeIgniter->createController()
 3 SYSTEMPATH\CodeIgniter.php(368): CodeIgniter\CodeIgniter->handleRequest(null, Object(Config\Cache), false)
 4 FCPATH\index.php(67): CodeIgniter\CodeIgniter->run()
 5 SYSTEMPATH\Commands\Server\rewrite.php(47): require_once('D:\\ci-pro\\public\\index.php')
CRITICAL - 2023-05-26 09:35:40 --> Call to undefined method App\Models\AsistenModel::getActiveTasks
in SYSTEMPATH\Model.php on line 842.
 1 APPPATH\Controllers\AsistenController.php(19): CodeIgniter\Model->__call('getActiveTasks', [])
 2 SYSTEMPATH\CodeIgniter.php(934): App\Controllers\AsistenController->index()
 3 SYSTEMPATH\CodeIgniter.php(499): CodeIgniter\CodeIgniter->runController(Object(App\Controllers\AsistenController))
 4 SYSTEMPATH\CodeIgniter.php(368): CodeIgniter\CodeIgniter->handleRequest(null, Object(Config\Cache), false)
 5 FCPATH\index.php(67): CodeIgniter\CodeIgniter->run()
 6 SYSTEMPATH\Commands\Server\rewrite.php(47): require_once('D:\\ci-pro\\public\\index.php')
CRITICAL - 2023-05-26 09:39:33 --> Call to undefined method App\Models\AsistenModel::getActiveTasks
in SYSTEMPATH\Model.php on line 842.
 1 APPPATH\Controllers\AsistenController.php(19): CodeIgniter\Model->__call('getActiveTasks', [])
 2 SYSTEMPATH\CodeIgniter.php(934): App\Controllers\AsistenController->index()
 3 SYSTEMPATH\CodeIgniter.php(499): CodeIgniter\CodeIgniter->runController(Object(App\Controllers\AsistenController))
 4 SYSTEMPATH\CodeIgniter.php(368): CodeIgniter\CodeIgniter->handleRequest(null, Object(Config\Cache), false)
 5 FCPATH\index.php(67): CodeIgniter\CodeIgniter->run()
 6 SYSTEMPATH\Commands\Server\rewrite.php(47): require_once('D:\\ci-pro\\public\\index.php')
