INFO - 2023-06-01 03:47:54 --> CSRF token verified.
INFO - 2023-06-01 04:11:56 --> CSRF token verified.
INFO - 2023-06-01 04:35:44 --> CSRF token verified.
INFO - 2023-06-01 04:48:24 --> CSRF token verified.
CRITICAL - 2023-06-01 04:48:24 --> There is no data to update.
in SYSTEMPATH\BaseModel.php on line 1680.
 1 SYSTEMPATH\BaseModel.php(1680): CodeIgniter\Database\Exceptions\DataException::forEmptyDataset('update')
 2 SYSTEMPATH\BaseModel.php(910): CodeIgniter\BaseModel->transformDataToArray(null, 'update')
 3 SYSTEMPATH\Model.php(756): CodeIgniter\BaseModel->update([...], null)
 4 APPPATH\Models\AsistenModel.php(32): CodeIgniter\Model->update([...])
 5 APPPATH\Controllers\AsistenController.php(56): App\Models\AsistenModel->perbarui([...])
 6 SYSTEMPATH\CodeIgniter.php(934): App\Controllers\AsistenController->update()
 7 SYSTEMPATH\CodeIgniter.php(499): CodeIgniter\CodeIgniter->runController(Object(App\Controllers\AsistenController))
 8 SYSTEMPATH\CodeIgniter.php(368): CodeIgniter\CodeIgniter->handleRequest(null, Object(Config\Cache), false)
 9 FCPATH\index.php(67): CodeIgniter\CodeIgniter->run()
10 SYSTEMPATH\Commands\Server\rewrite.php(47): require_once('D:\\ci-pro\\public\\index.php')
INFO - 2023-06-01 04:59:14 --> CSRF token verified.
INFO - 2023-06-01 05:03:22 --> CSRF token verified.
INFO - 2023-06-01 05:05:23 --> CSRF token verified.
INFO - 2023-06-01 05:05:48 --> CSRF token verified.
INFO - 2023-06-01 05:05:57 --> CSRF token verified.
INFO - 2023-06-01 05:06:43 --> CSRF token verified.
CRITICAL - 2023-06-01 05:06:43 --> There is no data to update.
in SYSTEMPATH\BaseModel.php on line 1680.
 1 SYSTEMPATH\BaseModel.php(1680): CodeIgniter\Database\Exceptions\DataException::forEmptyDataset('update')
 2 SYSTEMPATH\BaseModel.php(910): CodeIgniter\BaseModel->transformDataToArray(null, 'update')
 3 SYSTEMPATH\Model.php(756): CodeIgniter\BaseModel->update([...], null)
 4 APPPATH\Models\AsistenModel.php(32): CodeIgniter\Model->update([...])
 5 APPPATH\Controllers\AsistenController.php(56): App\Models\AsistenModel->perbarui([...])
 6 SYSTEMPATH\CodeIgniter.php(934): App\Controllers\AsistenController->update()
 7 SYSTEMPATH\CodeIgniter.php(499): CodeIgniter\CodeIgniter->runController(Object(App\Controllers\AsistenController))
 8 SYSTEMPATH\CodeIgniter.php(368): CodeIgniter\CodeIgniter->handleRequest(null, Object(Config\Cache), false)
 9 FCPATH\index.php(67): CodeIgniter\CodeIgniter->run()
10 SYSTEMPATH\Commands\Server\rewrite.php(47): require_once('D:\\ci-pro\\public\\index.php')
INFO - 2023-06-01 05:08:25 --> CSRF token verified.
INFO - 2023-06-01 05:09:38 --> CSRF token verified.
INFO - 2023-06-01 13:17:16 --> CSRF token verified.
ERROR - 2023-06-01 13:17:20 --> Error connecting to the database: mysqli_sql_exception: No connection could be made because the target machine actively refused it in D:\ci-pro\vendor\codeigniter4\framework\system\Database\MySQLi\Connection.php:174
Stack trace:
#0 D:\ci-pro\vendor\codeigniter4\framework\system\Database\MySQLi\Connection.php(174): mysqli->real_connect('localhost', 'root', '', 'platform', 3306, '', 0)
#1 D:\ci-pro\vendor\codeigniter4\framework\system\Database\BaseConnection.php(391): CodeIgniter\Database\MySQLi\Connection->connect(false)
#2 D:\ci-pro\vendor\codeigniter4\framework\system\Database\BaseConnection.php(574): CodeIgniter\Database\BaseConnection->initialize()
#3 D:\ci-pro\vendor\codeigniter4\framework\system\Database\BaseBuilder.php(2309): CodeIgniter\Database\BaseConnection->query('INSERT INTO `as...', Array, false)
#4 D:\ci-pro\vendor\codeigniter4\framework\system\Model.php(330): CodeIgniter\Database\BaseBuilder->insert()
#5 D:\ci-pro\vendor\codeigniter4\framework\system\BaseModel.php(782): CodeIgniter\Model->doInsert(Array)
#6 D:\ci-pro\vendor\codeigniter4\framework\system\Model.php(730): CodeIgniter\BaseModel->insert(Array, false)
#7 D:\ci-pro\vendor\codeigniter4\framework\system\BaseModel.php(692): CodeIgniter\Model->insert(Array, false)
#8 D:\ci-pro\app\Models\AsistenModel.php(21): CodeIgniter\BaseModel->save(Array)
#9 D:\ci-pro\app\Controllers\AsistenController.php(35): App\Models\AsistenModel->simpan(Array)
#10 D:\ci-pro\vendor\codeigniter4\framework\system\CodeIgniter.php(934): App\Controllers\AsistenController->simpan()
#11 D:\ci-pro\vendor\codeigniter4\framework\system\CodeIgniter.php(499): CodeIgniter\CodeIgniter->runController(Object(App\Controllers\AsistenController))
#12 D:\ci-pro\vendor\codeigniter4\framework\system\CodeIgniter.php(368): CodeIgniter\CodeIgniter->handleRequest(NULL, Object(Config\Cache), false)
#13 D:\ci-pro\public\index.php(67): CodeIgniter\CodeIgniter->run()
#14 D:\ci-pro\vendor\codeigniter4\framework\system\Commands\Server\rewrite.php(47): require_once('D:\\ci-pro\\publi...')
#15 {main}

Next CodeIgniter\Database\Exceptions\DatabaseException: No connection could be made because the target machine actively refused it in D:\ci-pro\vendor\codeigniter4\framework\system\Database\MySQLi\Connection.php:218
Stack trace:
#0 D:\ci-pro\vendor\codeigniter4\framework\system\Database\BaseConnection.php(391): CodeIgniter\Database\MySQLi\Connection->connect(false)
#1 D:\ci-pro\vendor\codeigniter4\framework\system\Database\BaseConnection.php(574): CodeIgniter\Database\BaseConnection->initialize()
#2 D:\ci-pro\vendor\codeigniter4\framework\system\Database\BaseBuilder.php(2309): CodeIgniter\Database\BaseConnection->query('INSERT INTO `as...', Array, false)
#3 D:\ci-pro\vendor\codeigniter4\framework\system\Model.php(330): CodeIgniter\Database\BaseBuilder->insert()
#4 D:\ci-pro\vendor\codeigniter4\framework\system\BaseModel.php(782): CodeIgniter\Model->doInsert(Array)
#5 D:\ci-pro\vendor\codeigniter4\framework\system\Model.php(730): CodeIgniter\BaseModel->insert(Array, false)
#6 D:\ci-pro\vendor\codeigniter4\framework\system\BaseModel.php(692): CodeIgniter\Model->insert(Array, false)
#7 D:\ci-pro\app\Models\AsistenModel.php(21): CodeIgniter\BaseModel->save(Array)
#8 D:\ci-pro\app\Controllers\AsistenController.php(35): App\Models\AsistenModel->simpan(Array)
#9 D:\ci-pro\vendor\codeigniter4\framework\system\CodeIgniter.php(934): App\Controllers\AsistenController->simpan()
#10 D:\ci-pro\vendor\codeigniter4\framework\system\CodeIgniter.php(499): CodeIgniter\CodeIgniter->runController(Object(App\Controllers\AsistenController))
#11 D:\ci-pro\vendor\codeigniter4\framework\system\CodeIgniter.php(368): CodeIgniter\CodeIgniter->handleRequest(NULL, Object(Config\Cache), false)
#12 D:\ci-pro\public\index.php(67): CodeIgniter\CodeIgniter->run()
#13 D:\ci-pro\vendor\codeigniter4\framework\system\Commands\Server\rewrite.php(47): require_once('D:\\ci-pro\\publi...')
#14 {main}
CRITICAL - 2023-06-01 13:17:20 --> Unable to connect to the database.
Main connection [MySQLi]: No connection could be made because the target machine actively refused it
in SYSTEMPATH\Database\BaseConnection.php on line 427.
 1 SYSTEMPATH\Database\BaseConnection.php(574): CodeIgniter\Database\BaseConnection->initialize()
 2 SYSTEMPATH\Database\BaseBuilder.php(2309): CodeIgniter\Database\BaseConnection->query('INSERT INTO `asisten` (`no`, `nim`, `nama`, `praktikum`, `ipk`) VALUES (:no:, :nim:, :nama:, :praktikum:, :ipk:)', [...], false)
 3 SYSTEMPATH\Model.php(330): CodeIgniter\Database\BaseBuilder->insert()
 4 SYSTEMPATH\BaseModel.php(782): CodeIgniter\Model->doInsert([...])
 5 SYSTEMPATH\Model.php(730): CodeIgniter\BaseModel->insert([...], false)
 6 SYSTEMPATH\BaseModel.php(692): CodeIgniter\Model->insert([...], false)
 7 APPPATH\Models\AsistenModel.php(21): CodeIgniter\BaseModel->save([...])
 8 APPPATH\Controllers\AsistenController.php(35): App\Models\AsistenModel->simpan([...])
 9 SYSTEMPATH\CodeIgniter.php(934): App\Controllers\AsistenController->simpan()
10 SYSTEMPATH\CodeIgniter.php(499): CodeIgniter\CodeIgniter->runController(Object(App\Controllers\AsistenController))
11 SYSTEMPATH\CodeIgniter.php(368): CodeIgniter\CodeIgniter->handleRequest(null, Object(Config\Cache), false)
12 FCPATH\index.php(67): CodeIgniter\CodeIgniter->run()
13 SYSTEMPATH\Commands\Server\rewrite.php(47): require_once('D:\\ci-pro\\public\\index.php')
