INFO - 2023-06-10 10:10:26 --> CSRF token verified.
INFO - 2023-06-10 10:12:04 --> CSRF token verified.
CRITICAL - 2023-06-10 10:12:04 --> There is no data to update.
in SYSTEMPATH\BaseModel.php on line 1680.
 1 SYSTEMPATH\BaseModel.php(1680): CodeIgniter\Database\Exceptions\DataException::forEmptyDataset('update')
 2 SYSTEMPATH\BaseModel.php(910): CodeIgniter\BaseModel->transformDataToArray(null, 'update')
 3 SYSTEMPATH\Model.php(756): CodeIgniter\BaseModel->update([...], null)
 4 APPPATH\Models\AsistenModel.php(27): CodeIgniter\Model->update([...])
 5 APPPATH\Controllers\AsistenController.php(58): App\Models\AsistenModel->perbarui([...])
 6 SYSTEMPATH\CodeIgniter.php(934): App\Controllers\AsistenController->update()
 7 SYSTEMPATH\CodeIgniter.php(499): CodeIgniter\CodeIgniter->runController(Object(App\Controllers\AsistenController))
 8 SYSTEMPATH\CodeIgniter.php(368): CodeIgniter\CodeIgniter->handleRequest(null, Object(Config\Cache), false)
 9 FCPATH\index.php(67): CodeIgniter\CodeIgniter->run()
10 SYSTEMPATH\Commands\Server\rewrite.php(47): require_once('D:\\ci-pro\\public\\index.php')
INFO - 2023-06-10 10:12:22 --> CSRF token verified.
ERROR - 2023-06-10 10:12:22 --> mysqli_sql_exception: Illegal parameter data types varchar and row for operation '=' in D:\ci-pro\vendor\codeigniter4\framework\system\Database\MySQLi\Connection.php:295
Stack trace:
#0 D:\ci-pro\vendor\codeigniter4\framework\system\Database\MySQLi\Connection.php(295): mysqli->query('DELETE FROM `as...', 0)
#1 D:\ci-pro\vendor\codeigniter4\framework\system\Database\BaseConnection.php(692): CodeIgniter\Database\MySQLi\Connection->execute('DELETE FROM `as...')
#2 D:\ci-pro\vendor\codeigniter4\framework\system\Database\BaseConnection.php(606): CodeIgniter\Database\BaseConnection->simpleQuery('DELETE FROM `as...')
#3 D:\ci-pro\vendor\codeigniter4\framework\system\Database\BaseBuilder.php(2791): CodeIgniter\Database\BaseConnection->query('DELETE FROM `as...', Array, false)
#4 D:\ci-pro\vendor\codeigniter4\framework\system\Model.php(456): CodeIgniter\Database\BaseBuilder->delete()
#5 D:\ci-pro\vendor\codeigniter4\framework\system\BaseModel.php(1065): CodeIgniter\Model->doDelete(NULL, false)
#6 D:\ci-pro\app\Models\AsistenModel.php(37): CodeIgniter\BaseModel->delete()
#7 D:\ci-pro\app\Controllers\AsistenController.php(82): App\Models\AsistenModel->hapus(Array)
#8 D:\ci-pro\vendor\codeigniter4\framework\system\CodeIgniter.php(934): App\Controllers\AsistenController->delete()
#9 D:\ci-pro\vendor\codeigniter4\framework\system\CodeIgniter.php(499): CodeIgniter\CodeIgniter->runController(Object(App\Controllers\AsistenController))
#10 D:\ci-pro\vendor\codeigniter4\framework\system\CodeIgniter.php(368): CodeIgniter\CodeIgniter->handleRequest(NULL, Object(Config\Cache), false)
#11 D:\ci-pro\public\index.php(67): CodeIgniter\CodeIgniter->run()
#12 D:\ci-pro\vendor\codeigniter4\framework\system\Commands\Server\rewrite.php(47): require_once('D:\\ci-pro\\publi...')
#13 {main}
CRITICAL - 2023-06-10 10:12:22 --> Illegal parameter data types varchar and row for operation '='
in SYSTEMPATH\Database\MySQLi\Connection.php on line 295.
 1 SYSTEMPATH\Database\MySQLi\Connection.php(295): mysqli->query('DELETE FROM `asisten`
WHERE `nim` = (\'215314130\',NULL,NULL,NULL)', 0)
 2 SYSTEMPATH\Database\BaseConnection.php(692): CodeIgniter\Database\MySQLi\Connection->execute('DELETE FROM `asisten`
WHERE `nim` = (\'215314130\',NULL,NULL,NULL)')
 3 SYSTEMPATH\Database\BaseConnection.php(606): CodeIgniter\Database\BaseConnection->simpleQuery('DELETE FROM `asisten`
WHERE `nim` = (\'215314130\',NULL,NULL,NULL)')
 4 SYSTEMPATH\Database\BaseBuilder.php(2791): CodeIgniter\Database\BaseConnection->query('DELETE FROM `asisten`
WHERE `nim` = :nim:', [...], false)
 5 SYSTEMPATH\Model.php(456): CodeIgniter\Database\BaseBuilder->delete()
 6 SYSTEMPATH\BaseModel.php(1065): CodeIgniter\Model->doDelete(null, false)
 7 APPPATH\Models\AsistenModel.php(37): CodeIgniter\BaseModel->delete()
 8 APPPATH\Controllers\AsistenController.php(82): App\Models\AsistenModel->hapus([...])
 9 SYSTEMPATH\CodeIgniter.php(934): App\Controllers\AsistenController->delete()
10 SYSTEMPATH\CodeIgniter.php(499): CodeIgniter\CodeIgniter->runController(Object(App\Controllers\AsistenController))
11 SYSTEMPATH\CodeIgniter.php(368): CodeIgniter\CodeIgniter->handleRequest(null, Object(Config\Cache), false)
12 FCPATH\index.php(67): CodeIgniter\CodeIgniter->run()
13 SYSTEMPATH\Commands\Server\rewrite.php(47): require_once('D:\\ci-pro\\public\\index.php')
INFO - 2023-06-10 10:12:55 --> CSRF token verified.
CRITICAL - 2023-06-10 10:12:55 --> There is no data to update.
in SYSTEMPATH\BaseModel.php on line 1680.
 1 SYSTEMPATH\BaseModel.php(1680): CodeIgniter\Database\Exceptions\DataException::forEmptyDataset('update')
 2 SYSTEMPATH\BaseModel.php(910): CodeIgniter\BaseModel->transformDataToArray(null, 'update')
 3 SYSTEMPATH\Model.php(756): CodeIgniter\BaseModel->update([...], null)
 4 APPPATH\Models\AsistenModel.php(27): CodeIgniter\Model->update([...])
 5 APPPATH\Controllers\AsistenController.php(58): App\Models\AsistenModel->perbarui([...])
 6 SYSTEMPATH\CodeIgniter.php(934): App\Controllers\AsistenController->update()
 7 SYSTEMPATH\CodeIgniter.php(499): CodeIgniter\CodeIgniter->runController(Object(App\Controllers\AsistenController))
 8 SYSTEMPATH\CodeIgniter.php(368): CodeIgniter\CodeIgniter->handleRequest(null, Object(Config\Cache), false)
 9 FCPATH\index.php(67): CodeIgniter\CodeIgniter->run()
10 SYSTEMPATH\Commands\Server\rewrite.php(47): require_once('D:\\ci-pro\\public\\index.php')
