INFO - 2023-06-09 07:32:47 --> CSRF token verified.
ERROR - 2023-06-09 07:32:52 --> Error connecting to the database: mysqli_sql_exception: No connection could be made because the target machine actively refused it in D:\ci-pro\vendor\codeigniter4\framework\system\Database\MySQLi\Connection.php:173
Stack trace:
#0 D:\ci-pro\vendor\codeigniter4\framework\system\Database\MySQLi\Connection.php(173): mysqli->real_connect('localhost', 'root', Object(SensitiveParameterValue), 'platform', 3306, '', 0)
#1 D:\ci-pro\vendor\codeigniter4\framework\system\Database\BaseConnection.php(391): CodeIgniter\Database\MySQLi\Connection->connect(false)
#2 D:\ci-pro\vendor\codeigniter4\framework\system\Database\BaseConnection.php(574): CodeIgniter\Database\BaseConnection->initialize()
#3 D:\ci-pro\vendor\codeigniter4\framework\system\Database\BaseBuilder.php(2476): CodeIgniter\Database\BaseConnection->query('UPDATE `asisten...', Array, false)
#4 D:\ci-pro\vendor\codeigniter4\framework\system\Model.php(396): CodeIgniter\Database\BaseBuilder->update()
#5 D:\ci-pro\vendor\codeigniter4\framework\system\BaseModel.php(943): CodeIgniter\Model->doUpdate(Array, Array)
#6 D:\ci-pro\vendor\codeigniter4\framework\system\Model.php(756): CodeIgniter\BaseModel->update(Array, Array)
#7 D:\ci-pro\vendor\codeigniter4\framework\system\BaseModel.php(690): CodeIgniter\Model->update('215314110', Array)
#8 D:\ci-pro\app\Models\AsistenModel.php(16): CodeIgniter\BaseModel->save(Array)
#9 D:\ci-pro\app\Controllers\AsistenController.php(35): App\Models\AsistenModel->simpan(Array)
#10 D:\ci-pro\vendor\codeigniter4\framework\system\CodeIgniter.php(934): App\Controllers\AsistenController->simpan()
#11 D:\ci-pro\vendor\codeigniter4\framework\system\CodeIgniter.php(499): CodeIgniter\CodeIgniter->runController(Object(App\Controllers\AsistenController))
#12 D:\ci-pro\vendor\codeigniter4\framework\system\CodeIgniter.php(368): CodeIgniter\CodeIgniter->handleRequest(NULL, Object(Config\Cache), false)
#13 D:\ci-pro\public\index.php(67): CodeIgniter\CodeIgniter->run()
#14 D:\ci-pro\vendor\codeigniter4\framework\system\Commands\Server\rewrite.php(47): require_once('D:\\ci-pro\\publi...')
#15 {main}

Next CodeIgniter\Database\Exceptions\DatabaseException: No connection could be made because the target machine actively refused it in D:\ci-pro\vendor\codeigniter4\framework\system\Database\MySQLi\Connection.php:218
Stack trace:
#0 D:\ci-pro\vendor\codeigniter4\framework\system\Database\BaseConnection.php(391): CodeIgniter\Database\MySQLi\Connection->connect(false)
#1 D:\ci-pro\vendor\codeigniter4\framework\system\Database\BaseConnection.php(574): CodeIgniter\Database\BaseConnection->initialize()
#2 D:\ci-pro\vendor\codeigniter4\framework\system\Database\BaseBuilder.php(2476): CodeIgniter\Database\BaseConnection->query('UPDATE `asisten...', Array, false)
#3 D:\ci-pro\vendor\codeigniter4\framework\system\Model.php(396): CodeIgniter\Database\BaseBuilder->update()
#4 D:\ci-pro\vendor\codeigniter4\framework\system\BaseModel.php(943): CodeIgniter\Model->doUpdate(Array, Array)
#5 D:\ci-pro\vendor\codeigniter4\framework\system\Model.php(756): CodeIgniter\BaseModel->update(Array, Array)
#6 D:\ci-pro\vendor\codeigniter4\framework\system\BaseModel.php(690): CodeIgniter\Model->update('215314110', Array)
#7 D:\ci-pro\app\Models\AsistenModel.php(16): CodeIgniter\BaseModel->save(Array)
#8 D:\ci-pro\app\Controllers\AsistenController.php(35): App\Models\AsistenModel->simpan(Array)
#9 D:\ci-pro\vendor\codeigniter4\framework\system\CodeIgniter.php(934): App\Controllers\AsistenController->simpan()
#10 D:\ci-pro\vendor\codeigniter4\framework\system\CodeIgniter.php(499): CodeIgniter\CodeIgniter->runController(Object(App\Controllers\AsistenController))
#11 D:\ci-pro\vendor\codeigniter4\framework\system\CodeIgniter.php(368): CodeIgniter\CodeIgniter->handleRequest(NULL, Object(Config\Cache), false)
#12 D:\ci-pro\public\index.php(67): CodeIgniter\CodeIgniter->run()
#13 D:\ci-pro\vendor\codeigniter4\framework\system\Commands\Server\rewrite.php(47): require_once('D:\\ci-pro\\publi...')
#14 {main}
CRITICAL - 2023-06-09 07:32:52 --> Unable to connect to the database.
Main connection [MySQLi]: No connection could be made because the target machine actively refused it
in SYSTEMPATH\Database\BaseConnection.php on line 427.
 1 SYSTEMPATH\Database\BaseConnection.php(574): CodeIgniter\Database\BaseConnection->initialize()
 2 SYSTEMPATH\Database\BaseBuilder.php(2476): CodeIgniter\Database\BaseConnection->query('UPDATE `asisten` SET `no` = :no:, `nim` = :nim:, `nama` = :nama:, `praktikum` = :praktikum:, `ipk` = :ipk:
WHERE `asisten`.`nim` IN :asisten.nim:', [...], false)
 3 SYSTEMPATH\Model.php(396): CodeIgniter\Database\BaseBuilder->update()
 4 SYSTEMPATH\BaseModel.php(943): CodeIgniter\Model->doUpdate([...], [...])
 5 SYSTEMPATH\Model.php(756): CodeIgniter\BaseModel->update([...], [...])
 6 SYSTEMPATH\BaseModel.php(690): CodeIgniter\Model->update('215314110', [...])
 7 APPPATH\Models\AsistenModel.php(16): CodeIgniter\BaseModel->save([...])
 8 APPPATH\Controllers\AsistenController.php(35): App\Models\AsistenModel->simpan([...])
 9 SYSTEMPATH\CodeIgniter.php(934): App\Controllers\AsistenController->simpan()
10 SYSTEMPATH\CodeIgniter.php(499): CodeIgniter\CodeIgniter->runController(Object(App\Controllers\AsistenController))
11 SYSTEMPATH\CodeIgniter.php(368): CodeIgniter\CodeIgniter->handleRequest(null, Object(Config\Cache), false)
12 FCPATH\index.php(67): CodeIgniter\CodeIgniter->run()
13 SYSTEMPATH\Commands\Server\rewrite.php(47): require_once('D:\\ci-pro\\public\\index.php')
INFO - 2023-06-09 07:36:05 --> CSRF token verified.
ERROR - 2023-06-09 07:36:06 --> mysqli_sql_exception: Unknown column 'praktikum' in 'field list' in D:\ci-pro\vendor\codeigniter4\framework\system\Database\MySQLi\Connection.php:295
Stack trace:
#0 D:\ci-pro\vendor\codeigniter4\framework\system\Database\MySQLi\Connection.php(295): mysqli->query('UPDATE `asisten...', 0)
#1 D:\ci-pro\vendor\codeigniter4\framework\system\Database\BaseConnection.php(692): CodeIgniter\Database\MySQLi\Connection->execute('UPDATE `asisten...')
#2 D:\ci-pro\vendor\codeigniter4\framework\system\Database\BaseConnection.php(606): CodeIgniter\Database\BaseConnection->simpleQuery('UPDATE `asisten...')
#3 D:\ci-pro\vendor\codeigniter4\framework\system\Database\BaseBuilder.php(2476): CodeIgniter\Database\BaseConnection->query('UPDATE `asisten...', Array, false)
#4 D:\ci-pro\vendor\codeigniter4\framework\system\Model.php(396): CodeIgniter\Database\BaseBuilder->update()
#5 D:\ci-pro\vendor\codeigniter4\framework\system\BaseModel.php(943): CodeIgniter\Model->doUpdate(Array, Array)
#6 D:\ci-pro\vendor\codeigniter4\framework\system\Model.php(756): CodeIgniter\BaseModel->update(Array, Array)
#7 D:\ci-pro\vendor\codeigniter4\framework\system\BaseModel.php(690): CodeIgniter\Model->update('12313', Array)
#8 D:\ci-pro\app\Models\AsistenModel.php(16): CodeIgniter\BaseModel->save(Array)
#9 D:\ci-pro\app\Controllers\AsistenController.php(35): App\Models\AsistenModel->simpan(Array)
#10 D:\ci-pro\vendor\codeigniter4\framework\system\CodeIgniter.php(934): App\Controllers\AsistenController->simpan()
#11 D:\ci-pro\vendor\codeigniter4\framework\system\CodeIgniter.php(499): CodeIgniter\CodeIgniter->runController(Object(App\Controllers\AsistenController))
#12 D:\ci-pro\vendor\codeigniter4\framework\system\CodeIgniter.php(368): CodeIgniter\CodeIgniter->handleRequest(NULL, Object(Config\Cache), false)
#13 D:\ci-pro\public\index.php(67): CodeIgniter\CodeIgniter->run()
#14 D:\ci-pro\vendor\codeigniter4\framework\system\Commands\Server\rewrite.php(47): require_once('D:\\ci-pro\\publi...')
#15 {main}
CRITICAL - 2023-06-09 07:36:06 --> Unknown column 'praktikum' in 'field list'
in SYSTEMPATH\Database\MySQLi\Connection.php on line 295.
 1 SYSTEMPATH\Database\MySQLi\Connection.php(295): mysqli->query('UPDATE `asisten` SET `no` = \'1\', `nim` = \'12313\', `nama` = \'Dhea Cindera Bantala\', `praktikum` = \'Platform\', `ipk` = \'3.9\'
WHERE `asisten`.`nim` IN (\'12313\')', 0)
 2 SYSTEMPATH\Database\BaseConnection.php(692): CodeIgniter\Database\MySQLi\Connection->execute('UPDATE `asisten` SET `no` = \'1\', `nim` = \'12313\', `nama` = \'Dhea Cindera Bantala\', `praktikum` = \'Platform\', `ipk` = \'3.9\'
WHERE `asisten`.`nim` IN (\'12313\')')
 3 SYSTEMPATH\Database\BaseConnection.php(606): CodeIgniter\Database\BaseConnection->simpleQuery('UPDATE `asisten` SET `no` = \'1\', `nim` = \'12313\', `nama` = \'Dhea Cindera Bantala\', `praktikum` = \'Platform\', `ipk` = \'3.9\'
WHERE `asisten`.`nim` IN (\'12313\')')
 4 SYSTEMPATH\Database\BaseBuilder.php(2476): CodeIgniter\Database\BaseConnection->query('UPDATE `asisten` SET `no` = :no:, `nim` = :nim:, `nama` = :nama:, `praktikum` = :praktikum:, `ipk` = :ipk:
WHERE `asisten`.`nim` IN :asisten.nim:', [...], false)
 5 SYSTEMPATH\Model.php(396): CodeIgniter\Database\BaseBuilder->update()
 6 SYSTEMPATH\BaseModel.php(943): CodeIgniter\Model->doUpdate([...], [...])
 7 SYSTEMPATH\Model.php(756): CodeIgniter\BaseModel->update([...], [...])
 8 SYSTEMPATH\BaseModel.php(690): CodeIgniter\Model->update('12313', [...])
 9 APPPATH\Models\AsistenModel.php(16): CodeIgniter\BaseModel->save([...])
10 APPPATH\Controllers\AsistenController.php(35): App\Models\AsistenModel->simpan([...])
11 SYSTEMPATH\CodeIgniter.php(934): App\Controllers\AsistenController->simpan()
12 SYSTEMPATH\CodeIgniter.php(499): CodeIgniter\CodeIgniter->runController(Object(App\Controllers\AsistenController))
13 SYSTEMPATH\CodeIgniter.php(368): CodeIgniter\CodeIgniter->handleRequest(null, Object(Config\Cache), false)
14 FCPATH\index.php(67): CodeIgniter\CodeIgniter->run()
15 SYSTEMPATH\Commands\Server\rewrite.php(47): require_once('D:\\ci-pro\\public\\index.php')
INFO - 2023-06-09 07:36:06 --> CSRF token verified.
ERROR - 2023-06-09 07:36:06 --> mysqli_sql_exception: Unknown column 'praktikum' in 'field list' in D:\ci-pro\vendor\codeigniter4\framework\system\Database\MySQLi\Connection.php:295
Stack trace:
#0 D:\ci-pro\vendor\codeigniter4\framework\system\Database\MySQLi\Connection.php(295): mysqli->query('UPDATE `asisten...', 0)
#1 D:\ci-pro\vendor\codeigniter4\framework\system\Database\BaseConnection.php(692): CodeIgniter\Database\MySQLi\Connection->execute('UPDATE `asisten...')
#2 D:\ci-pro\vendor\codeigniter4\framework\system\Database\BaseConnection.php(606): CodeIgniter\Database\BaseConnection->simpleQuery('UPDATE `asisten...')
#3 D:\ci-pro\vendor\codeigniter4\framework\system\Database\BaseBuilder.php(2476): CodeIgniter\Database\BaseConnection->query('UPDATE `asisten...', Array, false)
#4 D:\ci-pro\vendor\codeigniter4\framework\system\Model.php(396): CodeIgniter\Database\BaseBuilder->update()
#5 D:\ci-pro\vendor\codeigniter4\framework\system\BaseModel.php(943): CodeIgniter\Model->doUpdate(Array, Array)
#6 D:\ci-pro\vendor\codeigniter4\framework\system\Model.php(756): CodeIgniter\BaseModel->update(Array, Array)
#7 D:\ci-pro\vendor\codeigniter4\framework\system\BaseModel.php(690): CodeIgniter\Model->update('12313', Array)
#8 D:\ci-pro\app\Models\AsistenModel.php(16): CodeIgniter\BaseModel->save(Array)
#9 D:\ci-pro\app\Controllers\AsistenController.php(35): App\Models\AsistenModel->simpan(Array)
#10 D:\ci-pro\vendor\codeigniter4\framework\system\CodeIgniter.php(934): App\Controllers\AsistenController->simpan()
#11 D:\ci-pro\vendor\codeigniter4\framework\system\CodeIgniter.php(499): CodeIgniter\CodeIgniter->runController(Object(App\Controllers\AsistenController))
#12 D:\ci-pro\vendor\codeigniter4\framework\system\CodeIgniter.php(368): CodeIgniter\CodeIgniter->handleRequest(NULL, Object(Config\Cache), false)
#13 D:\ci-pro\public\index.php(67): CodeIgniter\CodeIgniter->run()
#14 D:\ci-pro\vendor\codeigniter4\framework\system\Commands\Server\rewrite.php(47): require_once('D:\\ci-pro\\publi...')
#15 {main}
CRITICAL - 2023-06-09 07:36:06 --> Unknown column 'praktikum' in 'field list'
in SYSTEMPATH\Database\MySQLi\Connection.php on line 295.
 1 SYSTEMPATH\Database\MySQLi\Connection.php(295): mysqli->query('UPDATE `asisten` SET `no` = \'1\', `nim` = \'12313\', `nama` = \'Dhea Cindera Bantala\', `praktikum` = \'Platform\', `ipk` = \'3.9\'
WHERE `asisten`.`nim` IN (\'12313\')', 0)
 2 SYSTEMPATH\Database\BaseConnection.php(692): CodeIgniter\Database\MySQLi\Connection->execute('UPDATE `asisten` SET `no` = \'1\', `nim` = \'12313\', `nama` = \'Dhea Cindera Bantala\', `praktikum` = \'Platform\', `ipk` = \'3.9\'
WHERE `asisten`.`nim` IN (\'12313\')')
 3 SYSTEMPATH\Database\BaseConnection.php(606): CodeIgniter\Database\BaseConnection->simpleQuery('UPDATE `asisten` SET `no` = \'1\', `nim` = \'12313\', `nama` = \'Dhea Cindera Bantala\', `praktikum` = \'Platform\', `ipk` = \'3.9\'
WHERE `asisten`.`nim` IN (\'12313\')')
 4 SYSTEMPATH\Database\BaseBuilder.php(2476): CodeIgniter\Database\BaseConnection->query('UPDATE `asisten` SET `no` = :no:, `nim` = :nim:, `nama` = :nama:, `praktikum` = :praktikum:, `ipk` = :ipk:
WHERE `asisten`.`nim` IN :asisten.nim:', [...], false)
 5 SYSTEMPATH\Model.php(396): CodeIgniter\Database\BaseBuilder->update()
 6 SYSTEMPATH\BaseModel.php(943): CodeIgniter\Model->doUpdate([...], [...])
 7 SYSTEMPATH\Model.php(756): CodeIgniter\BaseModel->update([...], [...])
 8 SYSTEMPATH\BaseModel.php(690): CodeIgniter\Model->update('12313', [...])
 9 APPPATH\Models\AsistenModel.php(16): CodeIgniter\BaseModel->save([...])
10 APPPATH\Controllers\AsistenController.php(35): App\Models\AsistenModel->simpan([...])
11 SYSTEMPATH\CodeIgniter.php(934): App\Controllers\AsistenController->simpan()
12 SYSTEMPATH\CodeIgniter.php(499): CodeIgniter\CodeIgniter->runController(Object(App\Controllers\AsistenController))
13 SYSTEMPATH\CodeIgniter.php(368): CodeIgniter\CodeIgniter->handleRequest(null, Object(Config\Cache), false)
14 FCPATH\index.php(67): CodeIgniter\CodeIgniter->run()
15 SYSTEMPATH\Commands\Server\rewrite.php(47): require_once('D:\\ci-pro\\public\\index.php')
INFO - 2023-06-09 07:50:04 --> CSRF token verified.
CRITICAL - 2023-06-09 07:50:06 --> Undefined array key "praktikum"
in APPPATH\Models\AsistenModel.php on line 20.
 1 APPPATH\Models\AsistenModel.php(20): CodeIgniter\Debug\Exceptions->errorHandler(2, 'Undefined array key "praktikum"', 'D:\\ci-pro\\app\\Models\\AsistenModel.php', 20)
 2 APPPATH\Controllers\AsistenController.php(35): App\Models\AsistenModel->simpan([...])
 3 SYSTEMPATH\CodeIgniter.php(934): App\Controllers\AsistenController->simpan()
 4 SYSTEMPATH\CodeIgniter.php(499): CodeIgniter\CodeIgniter->runController(Object(App\Controllers\AsistenController))
 5 SYSTEMPATH\CodeIgniter.php(368): CodeIgniter\CodeIgniter->handleRequest(null, Object(Config\Cache), false)
 6 FCPATH\index.php(67): CodeIgniter\CodeIgniter->run()
 7 SYSTEMPATH\Commands\Server\rewrite.php(47): require_once('D:\\ci-pro\\public\\index.php')
INFO - 2023-06-09 07:51:17 --> CSRF token verified.
CRITICAL - 2023-06-09 07:51:17 --> Undefined array key "praktikum"
in APPPATH\Models\AsistenModel.php on line 20.
 1 APPPATH\Models\AsistenModel.php(20): CodeIgniter\Debug\Exceptions->errorHandler(2, 'Undefined array key "praktikum"', 'D:\\ci-pro\\app\\Models\\AsistenModel.php', 20)
 2 APPPATH\Controllers\AsistenController.php(35): App\Models\AsistenModel->simpan([...])
 3 SYSTEMPATH\CodeIgniter.php(934): App\Controllers\AsistenController->simpan()
 4 SYSTEMPATH\CodeIgniter.php(499): CodeIgniter\CodeIgniter->runController(Object(App\Controllers\AsistenController))
 5 SYSTEMPATH\CodeIgniter.php(368): CodeIgniter\CodeIgniter->handleRequest(null, Object(Config\Cache), false)
 6 FCPATH\index.php(67): CodeIgniter\CodeIgniter->run()
 7 SYSTEMPATH\Commands\Server\rewrite.php(47): require_once('D:\\ci-pro\\public\\index.php')
INFO - 2023-06-09 07:52:03 --> CSRF token verified.
INFO - 2023-06-09 07:52:25 --> CSRF token verified.
CRITICAL - 2023-06-09 07:52:26 --> There is no data to update.
in SYSTEMPATH\BaseModel.php on line 1680.
 1 SYSTEMPATH\BaseModel.php(1680): CodeIgniter\Database\Exceptions\DataException::forEmptyDataset('update')
 2 SYSTEMPATH\BaseModel.php(910): CodeIgniter\BaseModel->transformDataToArray(null, 'update')
 3 SYSTEMPATH\Model.php(756): CodeIgniter\BaseModel->update([...], null)
 4 APPPATH\Models\AsistenModel.php(28): CodeIgniter\Model->update([...])
 5 APPPATH\Controllers\AsistenController.php(56): App\Models\AsistenModel->perbarui([...])
 6 SYSTEMPATH\CodeIgniter.php(934): App\Controllers\AsistenController->update()
 7 SYSTEMPATH\CodeIgniter.php(499): CodeIgniter\CodeIgniter->runController(Object(App\Controllers\AsistenController))
 8 SYSTEMPATH\CodeIgniter.php(368): CodeIgniter\CodeIgniter->handleRequest(null, Object(Config\Cache), false)
 9 FCPATH\index.php(67): CodeIgniter\CodeIgniter->run()
10 SYSTEMPATH\Commands\Server\rewrite.php(47): require_once('D:\\ci-pro\\public\\index.php')
INFO - 2023-06-09 07:52:46 --> CSRF token verified.
INFO - 2023-06-09 07:53:08 --> CSRF token verified.
CRITICAL - 2023-06-09 07:53:08 --> There is no data to update.
in SYSTEMPATH\BaseModel.php on line 1680.
 1 SYSTEMPATH\BaseModel.php(1680): CodeIgniter\Database\Exceptions\DataException::forEmptyDataset('update')
 2 SYSTEMPATH\BaseModel.php(910): CodeIgniter\BaseModel->transformDataToArray(null, 'update')
 3 SYSTEMPATH\Model.php(756): CodeIgniter\BaseModel->update([...], null)
 4 APPPATH\Models\AsistenModel.php(28): CodeIgniter\Model->update([...])
 5 APPPATH\Controllers\AsistenController.php(56): App\Models\AsistenModel->perbarui([...])
 6 SYSTEMPATH\CodeIgniter.php(934): App\Controllers\AsistenController->update()
 7 SYSTEMPATH\CodeIgniter.php(499): CodeIgniter\CodeIgniter->runController(Object(App\Controllers\AsistenController))
 8 SYSTEMPATH\CodeIgniter.php(368): CodeIgniter\CodeIgniter->handleRequest(null, Object(Config\Cache), false)
 9 FCPATH\index.php(67): CodeIgniter\CodeIgniter->run()
10 SYSTEMPATH\Commands\Server\rewrite.php(47): require_once('D:\\ci-pro\\public\\index.php')
INFO - 2023-06-09 07:54:24 --> CSRF token verified.
CRITICAL - 2023-06-09 07:54:24 --> There is no data to update.
in SYSTEMPATH\BaseModel.php on line 1680.
 1 SYSTEMPATH\BaseModel.php(1680): CodeIgniter\Database\Exceptions\DataException::forEmptyDataset('update')
 2 SYSTEMPATH\BaseModel.php(910): CodeIgniter\BaseModel->transformDataToArray(null, 'update')
 3 SYSTEMPATH\Model.php(756): CodeIgniter\BaseModel->update([...], null)
 4 APPPATH\Models\AsistenModel.php(28): CodeIgniter\Model->update([...])
 5 APPPATH\Controllers\AsistenController.php(56): App\Models\AsistenModel->perbarui([...])
 6 SYSTEMPATH\CodeIgniter.php(934): App\Controllers\AsistenController->update()
 7 SYSTEMPATH\CodeIgniter.php(499): CodeIgniter\CodeIgniter->runController(Object(App\Controllers\AsistenController))
 8 SYSTEMPATH\CodeIgniter.php(368): CodeIgniter\CodeIgniter->handleRequest(null, Object(Config\Cache), false)
 9 FCPATH\index.php(67): CodeIgniter\CodeIgniter->run()
10 SYSTEMPATH\Commands\Server\rewrite.php(47): require_once('D:\\ci-pro\\public\\index.php')
INFO - 2023-06-09 07:55:19 --> CSRF token verified.
INFO - 2023-06-09 09:31:19 --> CSRF token verified.
INFO - 2023-06-09 09:31:38 --> CSRF token verified.
INFO - 2023-06-09 09:32:04 --> CSRF token verified.
CRITICAL - 2023-06-09 09:32:04 --> There is no data to update.
in SYSTEMPATH\BaseModel.php on line 1680.
 1 SYSTEMPATH\BaseModel.php(1680): CodeIgniter\Database\Exceptions\DataException::forEmptyDataset('update')
 2 SYSTEMPATH\BaseModel.php(910): CodeIgniter\BaseModel->transformDataToArray(null, 'update')
 3 SYSTEMPATH\Model.php(756): CodeIgniter\BaseModel->update([...], null)
 4 APPPATH\Models\AsistenModel.php(28): CodeIgniter\Model->update([...])
 5 APPPATH\Controllers\AsistenController.php(56): App\Models\AsistenModel->perbarui([...])
 6 SYSTEMPATH\CodeIgniter.php(934): App\Controllers\AsistenController->update()
 7 SYSTEMPATH\CodeIgniter.php(499): CodeIgniter\CodeIgniter->runController(Object(App\Controllers\AsistenController))
 8 SYSTEMPATH\CodeIgniter.php(368): CodeIgniter\CodeIgniter->handleRequest(null, Object(Config\Cache), false)
 9 FCPATH\index.php(67): CodeIgniter\CodeIgniter->run()
10 SYSTEMPATH\Commands\Server\rewrite.php(47): require_once('D:\\ci-pro\\public\\index.php')
INFO - 2023-06-09 09:32:30 --> CSRF token verified.
INFO - 2023-06-09 09:32:53 --> CSRF token verified.
CRITICAL - 2023-06-09 09:32:53 --> There is no data to update.
in SYSTEMPATH\BaseModel.php on line 1680.
 1 SYSTEMPATH\BaseModel.php(1680): CodeIgniter\Database\Exceptions\DataException::forEmptyDataset('update')
 2 SYSTEMPATH\BaseModel.php(910): CodeIgniter\BaseModel->transformDataToArray(null, 'update')
 3 SYSTEMPATH\Model.php(756): CodeIgniter\BaseModel->update([...], null)
 4 APPPATH\Models\AsistenModel.php(28): CodeIgniter\Model->update([...])
 5 APPPATH\Controllers\AsistenController.php(56): App\Models\AsistenModel->perbarui([...])
 6 SYSTEMPATH\CodeIgniter.php(934): App\Controllers\AsistenController->update()
 7 SYSTEMPATH\CodeIgniter.php(499): CodeIgniter\CodeIgniter->runController(Object(App\Controllers\AsistenController))
 8 SYSTEMPATH\CodeIgniter.php(368): CodeIgniter\CodeIgniter->handleRequest(null, Object(Config\Cache), false)
 9 FCPATH\index.php(67): CodeIgniter\CodeIgniter->run()
10 SYSTEMPATH\Commands\Server\rewrite.php(47): require_once('D:\\ci-pro\\public\\index.php')
INFO - 2023-06-09 09:47:06 --> CSRF token verified.
INFO - 2023-06-09 09:49:13 --> CSRF token verified.
INFO - 2023-06-09 09:49:57 --> CSRF token verified.
CRITICAL - 2023-06-09 09:49:58 --> There is no data to update.
in SYSTEMPATH\BaseModel.php on line 1680.
 1 SYSTEMPATH\BaseModel.php(1680): CodeIgniter\Database\Exceptions\DataException::forEmptyDataset('update')
 2 SYSTEMPATH\BaseModel.php(910): CodeIgniter\BaseModel->transformDataToArray(null, 'update')
 3 SYSTEMPATH\Model.php(756): CodeIgniter\BaseModel->update([...], null)
 4 APPPATH\Models\AsistenModel.php(28): CodeIgniter\Model->update([...])
 5 APPPATH\Controllers\AsistenController.php(60): App\Models\AsistenModel->perbarui([...])
 6 SYSTEMPATH\CodeIgniter.php(934): App\Controllers\AsistenController->update()
 7 SYSTEMPATH\CodeIgniter.php(499): CodeIgniter\CodeIgniter->runController(Object(App\Controllers\AsistenController))
 8 SYSTEMPATH\CodeIgniter.php(368): CodeIgniter\CodeIgniter->handleRequest(null, Object(Config\Cache), false)
 9 FCPATH\index.php(67): CodeIgniter\CodeIgniter->run()
10 SYSTEMPATH\Commands\Server\rewrite.php(47): require_once('D:\\ci-pro\\public\\index.php')
